TN:
SF:src\modules\appointments\services\AppointmentCreateService.ts
FN:18,(anonymous_18)
FN:25,AppointmentCreateService
FN:33,(anonymous_20)
FNF:3
FNH:3
FNDA:1,(anonymous_18)
FNDA:5,AppointmentCreateService
FNDA:7,(anonymous_20)
DA:1,1
DA:2,1
DA:7,1
DA:18,1
DA:28,5
DA:29,5
DA:30,5
DA:33,1
DA:34,7
DA:36,7
DA:37,2
DA:40,5
DA:41,1
DA:44,4
DA:45,1
DA:48,3
DA:50,3
DA:51,1
DA:54,2
DA:56,2
DA:58,4
DA:63,4
DA:65,2
DA:67,1
DA:69,1
LF:25
LH:25
BRDA:36,0,0,2
BRDA:36,0,1,5
BRDA:40,1,0,1
BRDA:40,1,1,4
BRDA:44,2,0,1
BRDA:44,2,1,3
BRDA:44,3,0,4
BRDA:44,3,1,3
BRDA:50,4,0,1
BRDA:50,4,1,2
BRF:10
BRH:10
end_of_record
TN:
SF:src\modules\appointments\services\AppointmentListService.ts
FN:7,(anonymous_17)
FN:10,AppointmentListService
FN:14,(anonymous_19)
FNF:3
FNH:3
FNDA:1,(anonymous_17)
FNDA:1,AppointmentListService
FNDA:2,(anonymous_19)
DA:1,1
DA:7,1
DA:11,1
DA:14,1
DA:15,2
DA:16,2
DA:18,1
DA:20,1
LF:8
LH:8
BRDA:15,0,0,2
BRF:1
BRH:1
end_of_record
TN:
SF:src\modules\appointments\services\ProvidersListAppointmentsService.ts
FN:19,(anonymous_17)
FN:23,ProvidersListAppointmentsService
FN:29,(anonymous_19)
FNF:3
FNH:3
FNDA:1,(anonymous_17)
FNDA:1,ProvidersListAppointmentsService
FNDA:1,(anonymous_19)
DA:1,1
DA:8,1
DA:19,1
DA:25,1
DA:26,1
DA:29,1
DA:30,1
DA:32,1
DA:33,1
DA:39,2
DA:43,1
DA:45,1
DA:47,1
LF:13
LH:13
BRDA:30,0,0,1
BRDA:30,0,1,1
BRDA:32,1,0,0
BRDA:32,1,1,1
BRF:4
BRH:3
end_of_record
TN:
SF:src\modules\appointments\services\ProvidersListDayAvailableService.ts
FN:19,(anonymous_17)
FN:22,ProvidersListDayAvailableService
FN:26,(anonymous_19)
FN:34,(anonymous_22)
FN:36,(anonymous_23)
FN:37,(anonymous_24)
FNF:6
FNH:6
FNDA:1,(anonymous_17)
FNDA:1,ProvidersListDayAvailableService
FNDA:1,(anonymous_19)
FNDA:10,(anonymous_22)
FNDA:10,(anonymous_23)
FNDA:19,(anonymous_24)
DA:1,1
DA:2,1
DA:19,1
DA:23,1
DA:26,1
DA:27,1
DA:34,10
DA:36,1
DA:37,19
DA:39,10
DA:40,10
DA:42,10
DA:49,1
DA:51,1
DA:53,1
LF:15
LH:15
BRDA:27,0,0,1
BRDA:44,1,0,10
BRDA:44,1,1,8
BRF:3
BRH:3
end_of_record
TN:
SF:src\modules\appointments\services\ProvidersListMonthAvailableService.ts
FN:18,(anonymous_17)
FN:21,ProvidersListMonthAvailableService
FN:25,(anonymous_19)
FN:34,(anonymous_22)
FN:36,(anonymous_23)
FN:39,(anonymous_24)
FNF:6
FNH:6
FNDA:1,(anonymous_17)
FNDA:1,ProvidersListMonthAvailableService
FNDA:1,(anonymous_19)
FNDA:31,(anonymous_22)
FNDA:31,(anonymous_23)
FNDA:93,(anonymous_24)
DA:1,1
DA:2,1
DA:18,1
DA:22,1
DA:25,1
DA:26,1
DA:32,1
DA:34,31
DA:36,1
DA:37,31
DA:39,31
DA:40,93
DA:42,31
DA:49,1
DA:51,1
DA:53,1
LF:16
LH:16
BRDA:26,0,0,1
BRDA:44,1,0,31
BRDA:44,1,1,13
BRF:3
BRH:3
end_of_record
TN:
SF:src\modules\appointments\services\ProvidersListService.ts
FN:13,(anonymous_17)
FN:17,ProvidersListService
FN:23,(anonymous_19)
FNF:3
FNH:3
FNDA:1,(anonymous_17)
FNDA:1,ProvidersListService
FNDA:1,(anonymous_19)
DA:1,1
DA:2,1
DA:13,1
DA:19,1
DA:20,1
DA:23,1
DA:24,1
DA:26,1
DA:27,1
DA:30,2
DA:32,1
DA:34,1
DA:36,1
LF:13
LH:13
BRDA:24,0,0,1
BRDA:24,0,1,1
BRDA:26,1,0,0
BRDA:26,1,1,1
BRF:4
BRH:3
end_of_record
TN:
SF:src\modules\users\services\UserAuthenticateService.ts
FN:23,(anonymous_18)
FN:27,UserAuthenticateService
FN:32,(anonymous_20)
FNF:3
FNH:3
FNDA:1,(anonymous_18)
FNDA:3,UserAuthenticateService
FNDA:3,(anonymous_20)
DA:1,1
DA:2,1
DA:3,1
DA:7,1
DA:23,1
DA:28,3
DA:29,3
DA:32,1
DA:33,3
DA:35,3
DA:36,1
DA:39,2
DA:41,2
DA:42,1
DA:45,1
DA:50,1
DA:53,1
DA:55,1
LF:18
LH:18
BRDA:33,0,0,3
BRDA:35,1,0,1
BRDA:35,1,1,2
BRDA:41,2,0,1
BRDA:41,2,1,1
BRF:5
BRH:5
end_of_record
TN:
SF:src\modules\users\services\UserCreateService.ts
FN:15,(anonymous_18)
FN:20,UserCreateService
FN:28,(anonymous_20)
FNF:3
FNH:3
FNDA:1,(anonymous_18)
FNDA:2,UserCreateService
FNDA:3,(anonymous_20)
DA:1,1
DA:4,1
DA:15,1
DA:23,2
DA:24,2
DA:25,2
DA:28,1
DA:29,3
DA:31,3
DA:32,1
DA:35,2
DA:37,2
DA:43,4
DA:45,2
DA:47,1
DA:49,1
LF:16
LH:16
BRDA:29,0,0,3
BRDA:31,1,0,1
BRDA:31,1,1,2
BRF:3
BRH:3
end_of_record
TN:
SF:src\modules\users\services\UserResetPasswordService.ts
FN:16,(anonymous_18)
FN:21,UserResetPasswordService
FN:29,(anonymous_20)
FNF:3
FNH:3
FNDA:1,(anonymous_18)
FNDA:4,UserResetPasswordService
FNDA:4,(anonymous_20)
DA:1,1
DA:2,1
DA:5,1
DA:16,1
DA:24,4
DA:25,4
DA:26,4
DA:29,1
DA:30,4
DA:32,4
DA:33,1
DA:36,3
DA:38,3
DA:39,1
DA:42,2
DA:43,2
DA:45,2
DA:46,1
DA:49,1
DA:51,2
DA:53,1
DA:55,1
LF:22
LH:22
BRDA:30,0,0,4
BRDA:32,1,0,1
BRDA:32,1,1,3
BRDA:38,2,0,1
BRDA:38,2,1,2
BRDA:45,3,0,1
BRDA:45,3,1,1
BRF:7
BRH:7
end_of_record
TN:
SF:src\modules\users\services\UserSendForgotPasswordEmailService.ts
FN:16,(anonymous_18)
FN:21,UserSendForgotPasswordEmailService
FN:28,(anonymous_20)
FNF:3
FNH:3
FNDA:1,(anonymous_18)
FNDA:3,UserSendForgotPasswordEmailService
FNDA:3,(anonymous_20)
DA:1,1
DA:2,1
DA:6,1
DA:16,1
DA:23,3
DA:24,3
DA:25,3
DA:28,1
DA:29,3
DA:31,3
DA:32,1
DA:35,2
DA:37,2
DA:39,4
DA:54,1
DA:56,1
LF:16
LH:16
BRDA:29,0,0,3
BRDA:31,1,0,1
BRDA:31,1,1,2
BRF:3
BRH:3
end_of_record
TN:
SF:src\modules\users\services\UserShowProfileService.ts
FN:12,(anonymous_18)
FN:15,UserShowProfileService
FN:19,(anonymous_20)
FNF:3
FNH:3
FNDA:1,(anonymous_18)
FNDA:2,UserShowProfileService
FNDA:2,(anonymous_20)
DA:1,1
DA:4,1
DA:12,1
DA:16,2
DA:19,1
DA:20,2
DA:21,2
DA:22,1
DA:24,1
DA:26,1
DA:28,1
LF:11
LH:11
BRDA:20,0,0,2
BRDA:21,1,0,1
BRDA:21,1,1,1
BRF:3
BRH:3
end_of_record
TN:
SF:src\modules\users\services\UserUpdateAvatarService.ts
FN:14,(anonymous_18)
FN:18,UserUpdateAvatarService
FN:23,(anonymous_20)
FNF:3
FNH:3
FNDA:1,(anonymous_18)
FNDA:3,UserUpdateAvatarService
FNDA:4,(anonymous_20)
DA:1,1
DA:4,1
DA:14,1
DA:19,3
DA:20,3
DA:23,1
DA:24,4
DA:26,4
DA:27,1
DA:30,5
DA:31,2
DA:34,3
DA:36,3
DA:38,6
DA:40,3
DA:42,1
DA:44,1
LF:17
LH:17
BRDA:24,0,0,4
BRDA:24,0,1,3
BRDA:26,1,0,1
BRDA:26,1,1,3
BRDA:30,2,0,2
BRDA:30,2,1,1
BRF:6
BRH:6
end_of_record
TN:
SF:src\modules\users\services\UserUpdateProfileService.ts
FN:17,(anonymous_18)
FN:21,UserUpdateProfileService
FN:26,(anonymous_20)
FNF:3
FNH:3
FNDA:1,(anonymous_18)
FNDA:6,UserUpdateProfileService
FNDA:6,(anonymous_20)
DA:1,1
DA:4,1
DA:17,1
DA:22,6
DA:23,6
DA:26,1
DA:27,6
DA:28,6
DA:29,1
DA:32,5
DA:34,5
DA:35,1
DA:38,4
DA:39,4
DA:41,4
DA:42,1
DA:44,4
DA:45,2
DA:46,2
DA:47,1
DA:49,1
DA:51,2
DA:53,1
DA:55,1
LF:24
LH:24
BRDA:27,0,0,6
BRDA:27,0,1,2
BRDA:27,0,2,2
BRDA:28,1,0,1
BRDA:28,1,1,5
BRDA:34,2,0,1
BRDA:34,2,1,4
BRDA:34,3,0,5
BRDA:34,3,1,1
BRDA:41,4,0,1
BRDA:41,4,1,3
BRDA:41,5,0,4
BRDA:41,5,1,3
BRDA:44,6,0,1
BRDA:44,6,1,2
BRDA:44,7,0,3
BRDA:44,7,1,2
BRDA:46,8,0,1
BRDA:46,8,1,1
BRF:19
BRH:19
end_of_record
